36.0 APEX_CODE,FINEST;APEX_PROFILING,INFO;CALLOUT,INFO;DB,INFO;SYSTEM,DEBUG;VALIDATION,INFO;VISUALFORCE,INFO;WAVE,INFO;WORKFLOW,INFO
12:05:43.0 (359901)|USER_INFO|[EXTERNAL]|0050Y000000Q3Ze|vinothbabu12@gmail.com|Central European Time|GMT+01:00
12:05:43.0 (396642)|EXECUTION_STARTED
12:05:43.0 (400205)|CODE_UNIT_STARTED|[EXTERNAL]|01p0Y00000AP209|TestAccountDeletion.TestDeleteAccountWithOneOpportunity
12:05:43.0 (640827)|HEAP_ALLOCATE|[72]|Bytes:3
12:05:43.0 (684171)|HEAP_ALLOCATE|[77]|Bytes:152
12:05:43.0 (699236)|HEAP_ALLOCATE|[342]|Bytes:408
12:05:43.0 (714753)|HEAP_ALLOCATE|[355]|Bytes:408
12:05:43.0 (728492)|HEAP_ALLOCATE|[467]|Bytes:48
12:05:43.0 (755252)|HEAP_ALLOCATE|[139]|Bytes:6
12:05:43.0 (769723)|HEAP_ALLOCATE|[EXTERNAL]|Bytes:38
12:05:43.0 (784931)|METHOD_ENTRY|[2]|01p0Y00000AP209|TestAccountDeletion.TestAccountDeletion()
12:05:43.0 (789454)|STATEMENT_EXECUTE|[2]
12:05:43.0 (796755)|STATEMENT_EXECUTE|[2]
12:05:43.0 (803240)|METHOD_EXIT|[2]|TestAccountDeletion
12:05:43.0 (853460)|HEAP_ALLOCATE|[50]|Bytes:5
12:05:43.0 (881722)|HEAP_ALLOCATE|[56]|Bytes:5
12:05:43.0 (888262)|HEAP_ALLOCATE|[64]|Bytes:7
12:05:43.0 (938697)|STATEMENT_EXECUTE|[4]
12:05:43.0 (940939)|STATEMENT_EXECUTE|[7]
12:05:43.0 (983622)|HEAP_ALLOCATE|[7]|Bytes:4
12:05:43.0 (1081538)|HEAP_ALLOCATE|[7]|Bytes:12
12:05:43.0 (1129511)|VARIABLE_ASSIGNMENT|[7]|this.Name|"Test Account"|0x357f2702
12:05:43.0 (1159888)|VARIABLE_SCOPE_BEGIN|[7]|acct|Account|true|false
12:05:43.0 (1176324)|VARIABLE_ASSIGNMENT|[7]|acct|{"Name":"Test Account"}|0x357f2702
12:05:43.0 (1179591)|STATEMENT_EXECUTE|[8]
12:05:43.0 (1206828)|HEAP_ALLOCATE|[8]|Bytes:8
12:05:43.0 (1213675)|DML_BEGIN|[8]|Op:Insert|Type:Account|Rows:1
12:05:43.0 (1238473)|HEAP_ALLOCATE|[EXTERNAL]|Bytes:8
12:05:43.0 (17067609)|CODE_UNIT_STARTED|[EXTERNAL]|01q0Y000000elp8|AccountAddressTrigger on Account trigger event BeforeInsert for [new]
12:05:43.0 (17128754)|HEAP_ALLOCATE|[EXTERNAL]|Bytes:8
12:05:43.0 (17252928)|HEAP_ALLOCATE|[EXTERNAL]|Bytes:4
12:05:43.0 (17267404)|VARIABLE_SCOPE_BEGIN|[1]|this|AccountAddressTrigger|true|false
12:05:43.0 (17316517)|VARIABLE_ASSIGNMENT|[1]|this|{}|0x1bc81a76
12:05:43.0 (17383168)|HEAP_ALLOCATE|[EXTERNAL]|Bytes:4
12:05:43.0 (17394530)|VARIABLE_SCOPE_BEGIN|[1]|this|AccountAddressTrigger|true|false
12:05:43.0 (17411001)|VARIABLE_ASSIGNMENT|[1]|this|{}|0x1bc81a76
12:05:43.0 (17416828)|STATEMENT_EXECUTE|[1]
12:05:43.0 (17846593)|HEAP_ALLOCATE|[3]|Bytes:5
12:05:43.0 (17878530)|HEAP_ALLOCATE|[3]|Bytes:4
12:05:43.0 (17893169)|VARIABLE_SCOPE_BEGIN|[3]|a|Account|true|false
12:05:43.0 (19080184)|VARIABLE_ASSIGNMENT|[3]|a|{"IsDeleted":false,"CleanStatus":"Pending","OwnerId":"0050Y000000Q3ZeQAK","Match_Billing_Addres (4 more) ...":false,"Potential_Value__c":0.00,"Name":"Test Account"}|0x1f51274
12:05:43.0 (19091237)|STATEMENT_EXECUTE|[3]
12:05:43.0 (19138474)|STATEMENT_EXECUTE|[4]
12:05:43.0 (19158847)|HEAP_ALLOCATE|[3]|Bytes:5
12:05:43.0 (19197592)|VARIABLE_ASSIGNMENT|[3]|a|null|
12:05:43.19 (19211448)|CUMULATIVE_LIMIT_USAGE
12:05:43.19 (19211448)|LIMIT_USAGE_FOR_NS|(default)|
  Number of SOQL queries: 0 out of 100
  Number of query rows: 0 out of 50000
  Number of SOSL queries: 0 out of 20
  Number of DML statements: 1 out of 150
  Number of DML rows: 1 out of 10000
  Maximum CPU time: 0 out of 10000
  Maximum heap size: 0 out of 6000000
  Number of callouts: 0 out of 100
  Number of Email Invocations: 0 out of 10
  Number of future calls: 0 out of 50
  Number of queueable jobs added to the queue: 0 out of 50
  Number of Mobile Apex push calls: 0 out of 10

12:05:43.19 (19211448)|CUMULATIVE_LIMIT_USAGE_END

12:05:43.0 (20041421)|CODE_UNIT_FINISHED|AccountAddressTrigger on Account trigger event BeforeInsert for [new]
12:05:43.0 (64785403)|CODE_UNIT_STARTED|[EXTERNAL]|Workflow:Account
12:05:43.0 (74917145)|WF_RULE_EVAL_BEGIN|Workflow
12:05:43.0 (74946610)|WF_CRITERIA_BEGIN|[Account: Test Account 0010Y00000HiDX5]|Update_contact_address3010Y000000D4Pm|01Q0Y000000M2mf|ON_ALL_CHANGES|0
12:05:43.0 (75059680)|WF_FORMULA|Formula:ENCODED:[treatNullAsNull]true|Values:
12:05:43.0 (75065326)|WF_CRITERIA_END|true
12:05:43.0 (84587846)|WF_SPOOL_ACTION_BEGIN|Workflow
12:05:43.0 (84613844)|WF_ACTION| Flow Trigger: 1;
12:05:43.0 (84617039)|WF_RULE_EVAL_END
12:05:43.0 (88047193)|WF_FLOW_ACTION_BEGIN|09L0Y000000D0uY
12:05:43.88 (88928257)|FLOW_CREATE_INTERVIEW_BEGIN|00D0Y0000008kGf|3000Y000000H66O|3010Y000000D4Pm
12:05:43.88 (281376887)|FLOW_CREATE_INTERVIEW_END|132409b8cafa1d573491eaf3e515ac74f1bfb-49cd|Update contact address
12:05:43.282 (282608650)|FLOW_START_INTERVIEWS_BEGIN|1
12:05:43.282 (388506228)|FLOW_START_INTERVIEW_BEGIN|132409b8cafa1d573491eaf3e515ac74f1bfb-49cd|Update contact address
12:05:43.282 (389554948)|FLOW_START_INTERVIEW_END|132409b8cafa1d573491eaf3e515ac74f1bfb-49cd|Update contact address
12:05:43.282 (389564465)|FLOW_START_INTERVIEWS_END|1
12:05:43.0 (390560034)|WF_FLOW_ACTION_END|09L0Y000000D0uY
12:05:43.0 (390644927)|WF_ACTIONS_END| Flow Trigger: 1;
12:05:43.0 (390650447)|CODE_UNIT_FINISHED|Workflow:Account
12:05:43.0 (395184884)|DML_END|[8]
12:05:43.0 (395219275)|STATEMENT_EXECUTE|[9]
12:05:43.0 (395276289)|HEAP_ALLOCATE|[9]|Bytes:4
12:05:43.0 (395398533)|HEAP_ALLOCATE|[9]|Bytes:12
12:05:43.0 (395422429)|HEAP_ALLOCATE|[9]|Bytes:24
12:05:43.0 (395478097)|VARIABLE_ASSIGNMENT|[9]|this.Name|"Test Account Opportu (4 more) ..."|0x42198a97
12:05:43.0 (395484543)|HEAP_ALLOCATE|[10]|Bytes:11
12:05:43.0 (395514093)|VARIABLE_ASSIGNMENT|[9]|this.StageName|"Prospecting"|0x42198a97
12:05:43.0 (395587384)|HEAP_ALLOCATE|[11]|Bytes:4
12:05:43.0 (395634490)|HEAP_ALLOCATE|[11]|Bytes:4
12:05:43.0 (395704581)|VARIABLE_ASSIGNMENT|[9]|this.CloseDate|"2017-04-13T00:00:00.000Z"|0x42198a97
12:05:43.0 (395764340)|VARIABLE_ASSIGNMENT|[9]|this.AccountId|"0010Y00000HiDX5QAN"|0x42198a97
12:05:43.0 (395812483)|VARIABLE_SCOPE_BEGIN|[9]|opp|Opportunity|true|false
12:05:43.0 (395850819)|VARIABLE_ASSIGNMENT|[9]|opp|{"Name":"Test Account Opportu (4 more) ...","StageName":"Prospecting","CloseDate":"2017-04-13T00:00:00.000Z","AccountId":"0010Y00000HiDX5QAN"}|0x42198a97
12:05:43.0 (395856306)|STATEMENT_EXECUTE|[13]
12:05:43.0 (395884917)|HEAP_ALLOCATE|[13]|Bytes:8
12:05:43.0 (395893701)|DML_BEGIN|[13]|Op:Insert|Type:Opportunity|Rows:1
12:05:43.0 (395931280)|HEAP_ALLOCATE|[EXTERNAL]|Bytes:8
12:05:43.0 (500109028)|DML_END|[13]
12:05:43.0 (500156453)|STATEMENT_EXECUTE|[16]
12:05:43.0 (500249352)|HEAP_ALLOCATE|[16]|Bytes:63
12:05:43.0 (500266890)|SYSTEM_METHOD_ENTRY|[1]|Test.Test()
12:05:43.0 (500270012)|STATEMENT_EXECUTE|[1]
12:05:43.0 (500281726)|SYSTEM_METHOD_EXIT|[1]|Test
12:05:43.0 (500300222)|METHOD_ENTRY|[16]||System.Test.startTest()
12:05:43.0 (501926625)|METHOD_EXIT|[16]||System.Test.startTest()
12:05:43.0 (501933407)|STATEMENT_EXECUTE|[17]
12:05:43.0 (501995418)|HEAP_ALLOCATE|[17]|Bytes:8
12:05:43.0 (502003309)|DML_BEGIN|[17]|Op:Delete|Type:Account|Rows:1
12:05:43.0 (502039049)|HEAP_ALLOCATE|[EXTERNAL]|Bytes:8
12:05:43.0 (797754051)|DML_END|[17]
12:05:43.0 (797960953)|HEAP_ALLOCATE|[17]|Bytes:4
12:05:43.0 (798014626)|VARIABLE_SCOPE_BEGIN|[17]|result|Database.DeleteResult|true|false
12:05:43.0 (798177777)|VARIABLE_ASSIGNMENT|[17]|result|"DeleteResult [id=0010Y00000HiDX5QAN, success=true, errors=[]]"|0x2cf89e30
12:05:43.0 (798188515)|STATEMENT_EXECUTE|[18]
12:05:43.0 (798226660)|METHOD_ENTRY|[18]||System.Test.stopTest()
12:05:43.0 (799183061)|METHOD_EXIT|[18]||System.Test.stopTest()
12:05:43.0 (799191214)|STATEMENT_EXECUTE|[23]
12:05:43.0 (799355994)|EXCEPTION_THROWN|[23]|System.AssertException: Assertion Failed
12:05:43.0 (799504517)|HEAP_ALLOCATE|[23]|Bytes:20
12:05:43.0 (799608767)|FATAL_ERROR|System.AssertException: Assertion Failed

Class.TestAccountDeletion.TestDeleteAccountWithOneOpportunity: line 23, column 1
12:05:43.0 (799643851)|FATAL_ERROR|System.AssertException: Assertion Failed

Class.TestAccountDeletion.TestDeleteAccountWithOneOpportunity: line 23, column 1
12:05:43.799 (799650799)|CUMULATIVE_LIMIT_USAGE
12:05:43.799 (799650799)|LIMIT_USAGE_FOR_NS|(default)|
  Number of SOQL queries: 0 out of 100
  Number of query rows: 0 out of 50000
  Number of SOSL queries: 0 out of 20
  Number of DML statements: 2 out of 150
  Number of DML rows: 2 out of 10000
  Maximum CPU time: 0 out of 10000
  Maximum heap size: 0 out of 6000000
  Number of callouts: 0 out of 100
  Number of Email Invocations: 0 out of 10
  Number of future calls: 0 out of 50
  Number of queueable jobs added to the queue: 0 out of 50
  Number of Mobile Apex push calls: 0 out of 10

12:05:43.799 (799650799)|TESTING_LIMITS
12:05:43.799 (799650799)|LIMIT_USAGE_FOR_NS|(default)|
  Number of SOQL queries: 0 out of 100
  Number of query rows: 0 out of 50000
  Number of SOSL queries: 0 out of 20
  Number of DML statements: 1 out of 150
  Number of DML rows: 1 out of 10000
  Maximum CPU time: 0 out of 10000
  Maximum heap size: 0 out of 6000000
  Number of callouts: 0 out of 100
  Number of Email Invocations: 0 out of 10
  Number of future calls: 0 out of 50
  Number of queueable jobs added to the queue: 0 out of 50
  Number of Mobile Apex push calls: 0 out of 10

12:05:43.799 (799650799)|CUMULATIVE_LIMIT_USAGE_END

12:05:43.0 (799717777)|CODE_UNIT_FINISHED|TestAccountDeletion.TestDeleteAccountWithOneOpportunity
12:05:43.0 (800605019)|EXECUTION_FINISHED
