36.0 APEX_CODE,FINEST;APEX_PROFILING,INFO;CALLOUT,INFO;DB,INFO;SYSTEM,DEBUG;VALIDATION,INFO;VISUALFORCE,INFO;WAVE,INFO;WORKFLOW,INFO
11:54:20.0 (372770)|USER_INFO|[EXTERNAL]|0050Y000000Q3Ze|vinothbabu12@gmail.com|Central European Time|GMT+01:00
11:54:20.0 (417746)|EXECUTION_STARTED
11:54:20.0 (423022)|CODE_UNIT_STARTED|[EXTERNAL]|01p0Y00000AP1kX|TestVerifyDate.testDateEarlierThanToday
11:54:20.0 (722576)|HEAP_ALLOCATE|[72]|Bytes:3
11:54:20.0 (778309)|HEAP_ALLOCATE|[77]|Bytes:152
11:54:20.0 (806966)|HEAP_ALLOCATE|[342]|Bytes:408
11:54:20.0 (839606)|HEAP_ALLOCATE|[355]|Bytes:408
11:54:20.0 (868578)|HEAP_ALLOCATE|[467]|Bytes:48
11:54:20.0 (926944)|HEAP_ALLOCATE|[139]|Bytes:6
11:54:20.0 (953634)|HEAP_ALLOCATE|[EXTERNAL]|Bytes:17
11:54:20.0 (968544)|METHOD_ENTRY|[2]|01p0Y00000AP1kX|TestVerifyDate.TestVerifyDate()
11:54:20.0 (974399)|STATEMENT_EXECUTE|[2]
11:54:20.0 (981365)|STATEMENT_EXECUTE|[2]
11:54:20.0 (988647)|METHOD_EXIT|[2]|TestVerifyDate
11:54:20.0 (1039470)|HEAP_ALLOCATE|[50]|Bytes:5
11:54:20.0 (1072808)|HEAP_ALLOCATE|[56]|Bytes:5
11:54:20.0 (1085762)|HEAP_ALLOCATE|[64]|Bytes:7
11:54:20.0 (1145597)|STATEMENT_EXECUTE|[11]
11:54:20.0 (1149579)|STATEMENT_EXECUTE|[13]
11:54:20.0 (1205089)|HEAP_ALLOCATE|[13]|Bytes:4
11:54:20.0 (1230130)|HEAP_ALLOCATE|[13]|Bytes:4
11:54:20.0 (1272001)|HEAP_ALLOCATE|[13]|Bytes:4
11:54:20.0 (3142887)|HEAP_ALLOCATE|[13]|Bytes:7
11:54:20.0 (3166297)|METHOD_ENTRY|[1]|01p0Y00000AP1RO|VerifyDate.VerifyDate()
11:54:20.0 (3170704)|STATEMENT_EXECUTE|[1]
11:54:20.0 (3176848)|STATEMENT_EXECUTE|[1]
11:54:20.0 (3183306)|METHOD_EXIT|[1]|VerifyDate
11:54:20.0 (3234914)|METHOD_ENTRY|[13]|01p0Y00000AP1RO|VerifyDate.CheckDates(Date, Date)
11:54:20.0 (3256440)|VARIABLE_SCOPE_BEGIN|[4]|date1|Date|false|false
11:54:20.0 (3319387)|VARIABLE_ASSIGNMENT|[4]|date1|"2017-03-13T00:00:00.000Z"
11:54:20.0 (3336011)|VARIABLE_SCOPE_BEGIN|[4]|date2|Date|false|false
11:54:20.0 (3348827)|VARIABLE_ASSIGNMENT|[4]|date2|"2017-03-12T00:00:00.000Z"
11:54:20.0 (3365539)|STATEMENT_EXECUTE|[4]
11:54:20.0 (3401301)|METHOD_ENTRY|[6]|01p0Y00000AP1RO|VerifyDate.DateWithin30Days(Date, Date)
11:54:20.0 (3457611)|VARIABLE_SCOPE_BEGIN|[14]|date1|Date|false|false
11:54:20.0 (3473223)|VARIABLE_ASSIGNMENT|[14]|date1|"2017-03-13T00:00:00.000Z"
11:54:20.0 (3482533)|VARIABLE_SCOPE_BEGIN|[14]|date2|Date|false|false
11:54:20.0 (3490816)|VARIABLE_ASSIGNMENT|[14]|date2|"2017-03-12T00:00:00.000Z"
11:54:20.0 (3503664)|STATEMENT_EXECUTE|[14]
11:54:20.0 (3565407)|STATEMENT_EXECUTE|[16]
11:54:20.0 (3568691)|STATEMENT_EXECUTE|[16]
11:54:20.0 (3576982)|METHOD_EXIT|[6]|01p0Y00000AP1RO|VerifyDate.DateWithin30Days(Date, Date)
11:54:20.0 (3583174)|STATEMENT_EXECUTE|[8]
11:54:20.0 (3585030)|STATEMENT_EXECUTE|[9]
11:54:20.0 (3604653)|METHOD_ENTRY|[9]|01p0Y00000AP1RO|VerifyDate.SetEndOfMonthDate(Date)
11:54:20.0 (3633509)|VARIABLE_SCOPE_BEGIN|[25]|date1|Date|false|false
11:54:20.0 (3653943)|VARIABLE_ASSIGNMENT|[25]|date1|"2017-03-13T00:00:00.000Z"
11:54:20.0 (3667294)|STATEMENT_EXECUTE|[25]
11:54:20.0 (3669703)|STATEMENT_EXECUTE|[26]
11:54:20.0 (3773276)|VARIABLE_SCOPE_BEGIN|[26]|totalDays|Integer|false|false
11:54:20.0 (3780332)|HEAP_ALLOCATE|[26]|Bytes:4
11:54:20.0 (3792538)|VARIABLE_ASSIGNMENT|[26]|totalDays|31
11:54:20.0 (3796760)|STATEMENT_EXECUTE|[27]
11:54:20.0 (3856015)|HEAP_ALLOCATE|[27]|Bytes:4
11:54:20.0 (3875129)|VARIABLE_SCOPE_BEGIN|[27]|lastDay|Date|false|false
11:54:20.0 (3899199)|VARIABLE_ASSIGNMENT|[27]|lastDay|"2017-03-31T00:00:00.000Z"
11:54:20.0 (3903612)|STATEMENT_EXECUTE|[28]
11:54:20.0 (3912285)|METHOD_EXIT|[9]|01p0Y00000AP1RO|VerifyDate.SetEndOfMonthDate(Date)
11:54:20.0 (3919776)|METHOD_EXIT|[13]|01p0Y00000AP1RO|VerifyDate.CheckDates(Date, Date)
11:54:20.0 (3930912)|VARIABLE_SCOPE_BEGIN|[13]|d|Date|false|false
11:54:20.0 (3947480)|VARIABLE_ASSIGNMENT|[13]|d|"2017-03-31T00:00:00.000Z"
11:54:20.0 (3951288)|STATEMENT_EXECUTE|[14]
11:54:20.0 (3988483)|HEAP_ALLOCATE|[14]|Bytes:4
11:54:20.0 (4067384)|EXCEPTION_THROWN|[14]|System.AssertException: Assertion Failed: 2017-03-31 00:00:00
11:54:20.0 (4237205)|HEAP_ALLOCATE|[14]|Bytes:41
11:54:20.0 (4571853)|FATAL_ERROR|System.AssertException: Assertion Failed: 2017-03-31 00:00:00

Class.TestVerifyDate.testDateEarlierThanToday: line 14, column 1
11:54:20.0 (4591942)|FATAL_ERROR|System.AssertException: Assertion Failed: 2017-03-31 00:00:00

Class.TestVerifyDate.testDateEarlierThanToday: line 14, column 1
11:54:20.4 (4598950)|CUMULATIVE_LIMIT_USAGE
11:54:20.4 (4598950)|LIMIT_USAGE_FOR_NS|(default)|
  Number of SOQL queries: 0 out of 100
  Number of query rows: 0 out of 50000
  Number of SOSL queries: 0 out of 20
  Number of DML statements: 0 out of 150
  Number of DML rows: 0 out of 10000
  Maximum CPU time: 0 out of 10000
  Maximum heap size: 0 out of 6000000
  Number of callouts: 0 out of 100
  Number of Email Invocations: 0 out of 10
  Number of future calls: 0 out of 50
  Number of queueable jobs added to the queue: 0 out of 50
  Number of Mobile Apex push calls: 0 out of 10

11:54:20.4 (4598950)|CUMULATIVE_LIMIT_USAGE_END

11:54:20.0 (4643613)|CODE_UNIT_FINISHED|TestVerifyDate.testDateEarlierThanToday
11:54:20.0 (5611052)|EXECUTION_FINISHED
11:54:20.23 (23314276)|USER_INFO|[EXTERNAL]|0050Y000000Q3Ze|vinothbabu12@gmail.com|Central European Time|GMT+01:00
11:54:20.23 (23327549)|EXECUTION_STARTED
11:54:20.23 (23332859)|CODE_UNIT_STARTED|[EXTERNAL]|01p0Y00000AP1kX|TestVerifyDate.testDateGreaterthan30Days
11:54:20.23 (23451527)|HEAP_ALLOCATE|[72]|Bytes:3
11:54:20.23 (23481923)|HEAP_ALLOCATE|[77]|Bytes:152
11:54:20.23 (23503429)|HEAP_ALLOCATE|[342]|Bytes:408
11:54:20.23 (23532419)|HEAP_ALLOCATE|[355]|Bytes:408
11:54:20.23 (23559090)|HEAP_ALLOCATE|[467]|Bytes:48
11:54:20.23 (23597466)|HEAP_ALLOCATE|[139]|Bytes:6
11:54:20.23 (23621722)|HEAP_ALLOCATE|[EXTERNAL]|Bytes:17
11:54:20.23 (23632875)|METHOD_ENTRY|[2]|01p0Y00000AP1kX|TestVerifyDate.TestVerifyDate()
11:54:20.23 (23636285)|STATEMENT_EXECUTE|[2]
11:54:20.23 (23648101)|STATEMENT_EXECUTE|[2]
11:54:20.23 (23654348)|METHOD_EXIT|[2]|TestVerifyDate
11:54:20.23 (23678590)|HEAP_ALLOCATE|[50]|Bytes:5
11:54:20.23 (23705842)|HEAP_ALLOCATE|[56]|Bytes:5
11:54:20.23 (23716985)|HEAP_ALLOCATE|[64]|Bytes:7
11:54:20.23 (23755559)|STATEMENT_EXECUTE|[17]
11:54:20.23 (23758879)|STATEMENT_EXECUTE|[19]
11:54:20.23 (23797566)|HEAP_ALLOCATE|[19]|Bytes:4
11:54:20.23 (23819913)|HEAP_ALLOCATE|[19]|Bytes:4
11:54:20.23 (23853912)|HEAP_ALLOCATE|[19]|Bytes:4
11:54:20.23 (23872449)|HEAP_ALLOCATE|[19]|Bytes:7
11:54:20.23 (23880480)|METHOD_ENTRY|[1]|01p0Y00000AP1RO|VerifyDate.VerifyDate()
11:54:20.23 (23883854)|STATEMENT_EXECUTE|[1]
11:54:20.23 (23887580)|STATEMENT_EXECUTE|[1]
11:54:20.23 (23891961)|METHOD_EXIT|[1]|VerifyDate
11:54:20.23 (23901403)|METHOD_ENTRY|[19]|01p0Y00000AP1RO|VerifyDate.CheckDates(Date, Date)
11:54:20.23 (23908222)|VARIABLE_SCOPE_BEGIN|[4]|date1|Date|false|false
11:54:20.23 (23932806)|VARIABLE_ASSIGNMENT|[4]|date1|"2017-03-13T00:00:00.000Z"
11:54:20.23 (23937764)|VARIABLE_SCOPE_BEGIN|[4]|date2|Date|false|false
11:54:20.23 (23945545)|VARIABLE_ASSIGNMENT|[4]|date2|"2017-04-15T00:00:00.000Z"
11:54:20.23 (23958072)|STATEMENT_EXECUTE|[4]
11:54:20.23 (23970977)|METHOD_ENTRY|[6]|01p0Y00000AP1RO|VerifyDate.DateWithin30Days(Date, Date)
11:54:20.23 (23977241)|VARIABLE_SCOPE_BEGIN|[14]|date1|Date|false|false
11:54:20.23 (23988987)|VARIABLE_ASSIGNMENT|[14]|date1|"2017-03-13T00:00:00.000Z"
11:54:20.23 (23991941)|VARIABLE_SCOPE_BEGIN|[14]|date2|Date|false|false
11:54:20.23 (23997705)|VARIABLE_ASSIGNMENT|[14]|date2|"2017-04-15T00:00:00.000Z"
11:54:20.23 (24008349)|STATEMENT_EXECUTE|[14]
11:54:20.23 (24035052)|STATEMENT_EXECUTE|[16]
11:54:20.23 (24037489)|STATEMENT_EXECUTE|[19]
11:54:20.23 (24080010)|HEAP_ALLOCATE|[19]|Bytes:4
11:54:20.23 (24101156)|VARIABLE_SCOPE_BEGIN|[19]|date30Days|Date|false|false
11:54:20.23 (24121727)|VARIABLE_ASSIGNMENT|[19]|date30Days|"2017-04-12T00:00:00.000Z"
11:54:20.23 (24168363)|STATEMENT_EXECUTE|[20]
11:54:20.23 (24171307)|STATEMENT_EXECUTE|[20]
11:54:20.23 (24178756)|METHOD_EXIT|[6]|01p0Y00000AP1RO|VerifyDate.DateWithin30Days(Date, Date)
11:54:20.23 (24184108)|STATEMENT_EXECUTE|[8]
11:54:20.23 (24185901)|STATEMENT_EXECUTE|[9]
11:54:20.23 (24195389)|METHOD_ENTRY|[9]|01p0Y00000AP1RO|VerifyDate.SetEndOfMonthDate(Date)
11:54:20.23 (24205324)|VARIABLE_SCOPE_BEGIN|[25]|date1|Date|false|false
11:54:20.23 (24217895)|VARIABLE_ASSIGNMENT|[25]|date1|"2017-03-13T00:00:00.000Z"
11:54:20.23 (24230260)|STATEMENT_EXECUTE|[25]
11:54:20.23 (24232612)|STATEMENT_EXECUTE|[26]
11:54:20.23 (24309253)|VARIABLE_SCOPE_BEGIN|[26]|totalDays|Integer|false|false
11:54:20.23 (24315279)|HEAP_ALLOCATE|[26]|Bytes:4
11:54:20.23 (24325174)|VARIABLE_ASSIGNMENT|[26]|totalDays|31
11:54:20.23 (24328714)|STATEMENT_EXECUTE|[27]
11:54:20.23 (24373579)|HEAP_ALLOCATE|[27]|Bytes:4
11:54:20.23 (24392577)|VARIABLE_SCOPE_BEGIN|[27]|lastDay|Date|false|false
11:54:20.23 (24412052)|VARIABLE_ASSIGNMENT|[27]|lastDay|"2017-03-31T00:00:00.000Z"
11:54:20.23 (24416167)|STATEMENT_EXECUTE|[28]
11:54:20.23 (24424780)|METHOD_EXIT|[9]|01p0Y00000AP1RO|VerifyDate.SetEndOfMonthDate(Date)
11:54:20.23 (24432517)|METHOD_EXIT|[19]|01p0Y00000AP1RO|VerifyDate.CheckDates(Date, Date)
11:54:20.23 (24443453)|VARIABLE_SCOPE_BEGIN|[19]|d|Date|false|false
11:54:20.23 (24461087)|VARIABLE_ASSIGNMENT|[19]|d|"2017-03-31T00:00:00.000Z"
11:54:20.23 (24464884)|STATEMENT_EXECUTE|[20]
11:54:20.23 (24494507)|HEAP_ALLOCATE|[20]|Bytes:4
11:54:20.23 (24558038)|EXCEPTION_THROWN|[20]|System.AssertException: Assertion Failed: 2017-03-31 00:00:00
11:54:20.23 (24681354)|HEAP_ALLOCATE|[20]|Bytes:41
11:54:20.23 (24775318)|FATAL_ERROR|System.AssertException: Assertion Failed: 2017-03-31 00:00:00

Class.TestVerifyDate.testDateGreaterthan30Days: line 20, column 1
11:54:20.23 (24790247)|FATAL_ERROR|System.AssertException: Assertion Failed: 2017-03-31 00:00:00

Class.TestVerifyDate.testDateGreaterthan30Days: line 20, column 1
11:54:20.24 (24796540)|CUMULATIVE_LIMIT_USAGE
11:54:20.24 (24796540)|LIMIT_USAGE_FOR_NS|(default)|
  Number of SOQL queries: 0 out of 100
  Number of query rows: 0 out of 50000
  Number of SOSL queries: 0 out of 20
  Number of DML statements: 0 out of 150
  Number of DML rows: 0 out of 10000
  Maximum CPU time: 0 out of 10000
  Maximum heap size: 0 out of 6000000
  Number of callouts: 0 out of 100
  Number of Email Invocations: 0 out of 10
  Number of future calls: 0 out of 50
  Number of queueable jobs added to the queue: 0 out of 50
  Number of Mobile Apex push calls: 0 out of 10

11:54:20.24 (24796540)|CUMULATIVE_LIMIT_USAGE_END

11:54:20.23 (24836738)|CODE_UNIT_FINISHED|TestVerifyDate.testDateGreaterthan30Days
11:54:20.23 (25648676)|EXECUTION_FINISHED
11:54:20.35 (35405458)|USER_INFO|[EXTERNAL]|0050Y000000Q3Ze|vinothbabu12@gmail.com|Central European Time|GMT+01:00
11:54:20.35 (35415604)|EXECUTION_STARTED
11:54:20.35 (35419932)|CODE_UNIT_STARTED|[EXTERNAL]|01p0Y00000AP1kX|TestVerifyDate.testDateWithin30Days
11:54:20.35 (35514519)|HEAP_ALLOCATE|[72]|Bytes:3
11:54:20.35 (35538968)|HEAP_ALLOCATE|[77]|Bytes:152
11:54:20.35 (35557336)|HEAP_ALLOCATE|[342]|Bytes:408
11:54:20.35 (35584483)|HEAP_ALLOCATE|[355]|Bytes:408
11:54:20.35 (35612878)|HEAP_ALLOCATE|[467]|Bytes:48
11:54:20.35 (35655025)|HEAP_ALLOCATE|[139]|Bytes:6
11:54:20.35 (35678596)|HEAP_ALLOCATE|[EXTERNAL]|Bytes:17
11:54:20.35 (35689416)|METHOD_ENTRY|[2]|01p0Y00000AP1kX|TestVerifyDate.TestVerifyDate()
11:54:20.35 (35692969)|STATEMENT_EXECUTE|[2]
11:54:20.35 (35697106)|STATEMENT_EXECUTE|[2]
11:54:20.35 (35701728)|METHOD_EXIT|[2]|TestVerifyDate
11:54:20.35 (35723262)|HEAP_ALLOCATE|[50]|Bytes:5
11:54:20.35 (35746004)|HEAP_ALLOCATE|[56]|Bytes:5
11:54:20.35 (35757354)|HEAP_ALLOCATE|[64]|Bytes:7
11:54:20.35 (35793215)|STATEMENT_EXECUTE|[4]
11:54:20.35 (35796779)|STATEMENT_EXECUTE|[6]
11:54:20.35 (35830855)|HEAP_ALLOCATE|[6]|Bytes:4
11:54:20.35 (35852381)|HEAP_ALLOCATE|[6]|Bytes:4
11:54:20.35 (35880461)|HEAP_ALLOCATE|[6]|Bytes:4
11:54:20.35 (35898256)|HEAP_ALLOCATE|[6]|Bytes:7
11:54:20.35 (35906196)|METHOD_ENTRY|[1]|01p0Y00000AP1RO|VerifyDate.VerifyDate()
11:54:20.35 (35909119)|STATEMENT_EXECUTE|[1]
11:54:20.35 (35912585)|STATEMENT_EXECUTE|[1]
11:54:20.35 (35917216)|METHOD_EXIT|[1]|VerifyDate
11:54:20.35 (35926748)|METHOD_ENTRY|[6]|01p0Y00000AP1RO|VerifyDate.CheckDates(Date, Date)
11:54:20.35 (35932828)|VARIABLE_SCOPE_BEGIN|[4]|date1|Date|false|false
11:54:20.35 (35954769)|VARIABLE_ASSIGNMENT|[4]|date1|"2017-03-13T00:00:00.000Z"
11:54:20.35 (35959364)|VARIABLE_SCOPE_BEGIN|[4]|date2|Date|false|false
11:54:20.35 (35967193)|VARIABLE_ASSIGNMENT|[4]|date2|"2017-03-14T00:00:00.000Z"
11:54:20.35 (35979060)|STATEMENT_EXECUTE|[4]
11:54:20.35 (35991760)|METHOD_ENTRY|[6]|01p0Y00000AP1RO|VerifyDate.DateWithin30Days(Date, Date)
11:54:20.35 (35997737)|VARIABLE_SCOPE_BEGIN|[14]|date1|Date|false|false
11:54:20.35 (36008425)|VARIABLE_ASSIGNMENT|[14]|date1|"2017-03-13T00:00:00.000Z"
11:54:20.35 (36012068)|VARIABLE_SCOPE_BEGIN|[14]|date2|Date|false|false
11:54:20.35 (36018272)|VARIABLE_ASSIGNMENT|[14]|date2|"2017-03-14T00:00:00.000Z"
11:54:20.35 (36028089)|STATEMENT_EXECUTE|[14]
11:54:20.35 (36053019)|STATEMENT_EXECUTE|[16]
11:54:20.35 (36055784)|STATEMENT_EXECUTE|[19]
11:54:20.35 (36071278)|HEAP_ALLOCATE|[19]|Bytes:4
11:54:20.35 (36091457)|VARIABLE_SCOPE_BEGIN|[19]|date30Days|Date|false|false
11:54:20.35 (36110446)|VARIABLE_ASSIGNMENT|[19]|date30Days|"2017-04-12T00:00:00.000Z"
11:54:20.35 (36196214)|STATEMENT_EXECUTE|[21]
11:54:20.35 (36199920)|STATEMENT_EXECUTE|[21]
11:54:20.35 (36210041)|METHOD_EXIT|[6]|01p0Y00000AP1RO|VerifyDate.DateWithin30Days(Date, Date)
11:54:20.35 (36215165)|STATEMENT_EXECUTE|[6]
11:54:20.35 (36216767)|STATEMENT_EXECUTE|[7]
11:54:20.35 (36233058)|METHOD_EXIT|[6]|01p0Y00000AP1RO|VerifyDate.CheckDates(Date, Date)
11:54:20.35 (36249557)|VARIABLE_SCOPE_BEGIN|[6]|d|Date|false|false
11:54:20.35 (36269447)|VARIABLE_ASSIGNMENT|[6]|d|"2017-03-14T00:00:00.000Z"
11:54:20.35 (36273323)|STATEMENT_EXECUTE|[7]
11:54:20.35 (36278754)|HEAP_ALLOCATE|[7]|Bytes:17
11:54:20.35 (36346770)|HEAP_ALLOCATE|[7]|Bytes:19
11:54:20.35 (36374835)|HEAP_ALLOCATE|[7]|Bytes:36
11:54:20.35 (36401095)|USER_DEBUG|[7]|DEBUG|Date returned :: 2017-03-14 00:00:00
11:54:20.35 (36410302)|STATEMENT_EXECUTE|[8]
11:54:20.35 (36436882)|HEAP_ALLOCATE|[8]|Bytes:4
11:54:20.35 (36493071)|EXCEPTION_THROWN|[8]|System.AssertException: Assertion Failed: 2017-03-14 00:00:00
11:54:20.35 (36598338)|HEAP_ALLOCATE|[8]|Bytes:41
11:54:20.35 (36693799)|FATAL_ERROR|System.AssertException: Assertion Failed: 2017-03-14 00:00:00

Class.TestVerifyDate.testDateWithin30Days: line 8, column 1
11:54:20.35 (36706873)|FATAL_ERROR|System.AssertException: Assertion Failed: 2017-03-14 00:00:00

Class.TestVerifyDate.testDateWithin30Days: line 8, column 1
11:54:20.36 (36712152)|CUMULATIVE_LIMIT_USAGE
11:54:20.36 (36712152)|LIMIT_USAGE_FOR_NS|(default)|
  Number of SOQL queries: 0 out of 100
  Number of query rows: 0 out of 50000
  Number of SOSL queries: 0 out of 20
  Number of DML statements: 0 out of 150
  Number of DML rows: 0 out of 10000
  Maximum CPU time: 0 out of 10000
  Maximum heap size: 0 out of 6000000
  Number of callouts: 0 out of 100
  Number of Email Invocations: 0 out of 10
  Number of future calls: 0 out of 50
  Number of queueable jobs added to the queue: 0 out of 50
  Number of Mobile Apex push calls: 0 out of 10

11:54:20.36 (36712152)|CUMULATIVE_LIMIT_USAGE_END

11:54:20.35 (36744985)|CODE_UNIT_FINISHED|TestVerifyDate.testDateWithin30Days
11:54:20.35 (37614531)|EXECUTION_FINISHED
