39.0 APEX_CODE,FINEST;APEX_PROFILING,INFO;CALLOUT,INFO;DB,INFO;SYSTEM,DEBUG;VALIDATION,INFO;VISUALFORCE,INFO;WAVE,INFO;WORKFLOW,INFO
12:42:41.0 (332463)|USER_INFO|[EXTERNAL]|0050Y000000Q3Ze|vinothbabu12@gmail.com|Central European Time|GMT+01:00
12:42:41.0 (370235)|EXECUTION_STARTED
12:42:41.0 (373317)|CODE_UNIT_STARTED|[EXTERNAL]|01p0Y00000AP22A|TestRestrictContactByName.TestRestrictContactByName
12:42:41.0 (549511)|HEAP_ALLOCATE|[72]|Bytes:3
12:42:41.0 (573777)|HEAP_ALLOCATE|[77]|Bytes:152
12:42:41.0 (587519)|HEAP_ALLOCATE|[342]|Bytes:408
12:42:41.0 (603321)|HEAP_ALLOCATE|[355]|Bytes:408
12:42:41.0 (618194)|HEAP_ALLOCATE|[467]|Bytes:48
12:42:41.0 (643888)|HEAP_ALLOCATE|[139]|Bytes:6
12:42:41.0 (656672)|HEAP_ALLOCATE|[EXTERNAL]|Bytes:6
12:42:41.0 (664943)|METHOD_ENTRY|[2]|01p0Y00000AP22A|TestRestrictContactByName.TestRestrictContactByName()
12:42:41.0 (668375)|STATEMENT_EXECUTE|[2]
12:42:41.0 (671731)|STATEMENT_EXECUTE|[2]
12:42:41.0 (675433)|METHOD_EXIT|[2]|TestRestrictContactByName
12:42:41.0 (708119)|HEAP_ALLOCATE|[50]|Bytes:5
12:42:41.0 (723994)|HEAP_ALLOCATE|[56]|Bytes:5
12:42:41.0 (729614)|HEAP_ALLOCATE|[64]|Bytes:7
12:42:41.0 (758542)|STATEMENT_EXECUTE|[4]
12:42:41.0 (760035)|STATEMENT_EXECUTE|[6]
12:42:41.0 (791636)|HEAP_ALLOCATE|[6]|Bytes:4
12:42:41.0 (866905)|HEAP_ALLOCATE|[6]|Bytes:4
12:42:41.0 (913689)|VARIABLE_ASSIGNMENT|[6]|this.FirstName|"test"|0x787c838f
12:42:41.0 (918155)|HEAP_ALLOCATE|[6]|Bytes:11
12:42:41.0 (933095)|VARIABLE_ASSIGNMENT|[6]|this.LastName|"INVALIDNAME"|0x787c838f
12:42:41.0 (953901)|VARIABLE_SCOPE_BEGIN|[6]|cont|Contact|true|false
12:42:41.0 (970454)|VARIABLE_ASSIGNMENT|[6]|cont|{"FirstName":"test","LastName":"INVALIDNAME"}|0x787c838f
12:42:41.0 (972802)|STATEMENT_EXECUTE|[8]
12:42:41.0 (1001060)|HEAP_ALLOCATE|[8]|Bytes:8
12:42:41.0 (1007047)|DML_BEGIN|[8]|Op:Insert|Type:Contact|Rows:1
12:42:41.0 (1026825)|HEAP_ALLOCATE|[EXTERNAL]|Bytes:8
12:42:41.0 (8436464)|CODE_UNIT_STARTED|[EXTERNAL]|01q0Y000000emdu|RestrictContactByName on Contact trigger event BeforeInsert for [new]
12:42:41.0 (8470070)|HEAP_ALLOCATE|[EXTERNAL]|Bytes:8
12:42:41.0 (8538901)|HEAP_ALLOCATE|[EXTERNAL]|Bytes:4
12:42:41.0 (8546970)|VARIABLE_SCOPE_BEGIN|[1]|this|RestrictContactByName|true|false
12:42:41.0 (8571819)|VARIABLE_ASSIGNMENT|[1]|this|{}|0x4559e41
12:42:41.0 (8605013)|HEAP_ALLOCATE|[EXTERNAL]|Bytes:4
12:42:41.0 (8610768)|VARIABLE_SCOPE_BEGIN|[1]|this|RestrictContactByName|true|false
12:42:41.0 (8618216)|VARIABLE_ASSIGNMENT|[1]|this|{}|0x4559e41
12:42:41.0 (8621544)|STATEMENT_EXECUTE|[1]
12:42:41.0 (8847894)|HEAP_ALLOCATE|[3]|Bytes:5
12:42:41.0 (8864757)|HEAP_ALLOCATE|[3]|Bytes:4
12:42:41.0 (8872212)|VARIABLE_SCOPE_BEGIN|[3]|c|Contact|true|false
12:42:41.0 (9211614)|VARIABLE_ASSIGNMENT|[3]|c|{"IsDeleted":false,"IsEmailBounced":false,"CleanStatus":"Pending","DoNotCall":false,"OwnerId":"0050Y000000Q3ZeQAK","FirstName":"test","HasOptedOutOfEmail":false,"HasOptedOutOfFax":false,"LastName":"INVALIDNAME"}|0x6eb06cd8
12:42:41.0 (9217840)|STATEMENT_EXECUTE|[3]
12:42:41.0 (9250501)|STATEMENT_EXECUTE|[4]
12:42:41.0 (9251972)|STATEMENT_EXECUTE|[5]
12:42:41.0 (9255950)|HEAP_ALLOCATE|[5]|Bytes:15
12:42:41.0 (9261658)|HEAP_ALLOCATE|[5]|Bytes:24
12:42:41.0 (9276732)|HEAP_ALLOCATE|[5]|Bytes:50
12:42:41.0 (9358286)|VF_PAGE_MESSAGE|The Last Name "INVALIDNAME" is not allowed for DML
12:42:41.0 (9376250)|HEAP_ALLOCATE|[3]|Bytes:5
12:42:41.0 (9388040)|VARIABLE_ASSIGNMENT|[3]|c|null|
12:42:41.9 (9394090)|CUMULATIVE_LIMIT_USAGE
12:42:41.9 (9394090)|LIMIT_USAGE_FOR_NS|(default)|
  Number of SOQL queries: 0 out of 100
  Number of query rows: 0 out of 50000
  Number of SOSL queries: 0 out of 20
  Number of DML statements: 1 out of 150
  Number of DML rows: 1 out of 10000
  Maximum CPU time: 0 out of 10000
  Maximum heap size: 0 out of 6000000
  Number of callouts: 0 out of 100
  Number of Email Invocations: 0 out of 10
  Number of future calls: 0 out of 50
  Number of queueable jobs added to the queue: 0 out of 50
  Number of Mobile Apex push calls: 0 out of 10

12:42:41.9 (9394090)|CUMULATIVE_LIMIT_USAGE_END

12:42:41.0 (10381375)|CODE_UNIT_FINISHED|RestrictContactByName on Contact trigger event BeforeInsert for [new]
12:42:41.0 (11189367)|DML_END|[8]
12:42:41.0 (11253497)|EXCEPTION_THROWN|[8]|System.DmlException: Insert failed. First exception on row 0; first error: FIELD_CUSTOM_VALIDATION_EXCEPTION, The Last Name "INVALIDNAME" is not allowed for DML: []
12:42:41.0 (11493183)|HEAP_ALLOCATE|[8]|Bytes:147
12:42:41.0 (11724501)|FATAL_ERROR|System.DmlException: Insert failed. First exception on row 0; first error: FIELD_CUSTOM_VALIDATION_EXCEPTION, The Last Name "INVALIDNAME" is not allowed for DML: []

Class.TestRestrictContactByName.TestRestrictContactByName: line 8, column 1
12:42:41.0 (11763410)|FATAL_ERROR|System.DmlException: Insert failed. First exception on row 0; first error: FIELD_CUSTOM_VALIDATION_EXCEPTION, The Last Name "INVALIDNAME" is not allowed for DML: []

Class.TestRestrictContactByName.TestRestrictContactByName: line 8, column 1
12:42:41.11 (11768902)|CUMULATIVE_LIMIT_USAGE
12:42:41.11 (11768902)|LIMIT_USAGE_FOR_NS|(default)|
  Number of SOQL queries: 0 out of 100
  Number of query rows: 0 out of 50000
  Number of SOSL queries: 0 out of 20
  Number of DML statements: 1 out of 150
  Number of DML rows: 1 out of 10000
  Maximum CPU time: 0 out of 10000
  Maximum heap size: 0 out of 6000000
  Number of callouts: 0 out of 100
  Number of Email Invocations: 0 out of 10
  Number of future calls: 0 out of 50
  Number of queueable jobs added to the queue: 0 out of 50
  Number of Mobile Apex push calls: 0 out of 10

12:42:41.11 (11768902)|CUMULATIVE_LIMIT_USAGE_END

12:42:41.0 (11790118)|CODE_UNIT_FINISHED|TestRestrictContactByName.TestRestrictContactByName
12:42:41.0 (12569586)|EXECUTION_FINISHED
