36.0 APEX_CODE,FINEST;APEX_PROFILING,INFO;CALLOUT,INFO;DB,INFO;SYSTEM,DEBUG;VALIDATION,INFO;VISUALFORCE,INFO;WAVE,INFO;WORKFLOW,INFO
11:56:10.0 (486336)|USER_INFO|[EXTERNAL]|0050Y000000Q3Ze|vinothbabu12@gmail.com|Central European Time|GMT+01:00
11:56:10.0 (520177)|EXECUTION_STARTED
11:56:10.0 (524659)|CODE_UNIT_STARTED|[EXTERNAL]|01p0Y00000AP1kX|TestVerifyDate.testDateEarlierThanToday
11:56:10.0 (928152)|HEAP_ALLOCATE|[72]|Bytes:3
11:56:10.0 (968535)|HEAP_ALLOCATE|[77]|Bytes:152
11:56:10.0 (986153)|HEAP_ALLOCATE|[342]|Bytes:408
11:56:10.0 (1005764)|HEAP_ALLOCATE|[355]|Bytes:408
11:56:10.0 (1024402)|HEAP_ALLOCATE|[467]|Bytes:48
11:56:10.0 (1056840)|HEAP_ALLOCATE|[139]|Bytes:6
11:56:10.0 (1070007)|HEAP_ALLOCATE|[EXTERNAL]|Bytes:17
11:56:10.0 (1079424)|METHOD_ENTRY|[2]|01p0Y00000AP1kX|TestVerifyDate.TestVerifyDate()
11:56:10.0 (1083745)|STATEMENT_EXECUTE|[2]
11:56:10.0 (1089672)|STATEMENT_EXECUTE|[2]
11:56:10.0 (1094184)|METHOD_EXIT|[2]|TestVerifyDate
11:56:10.0 (1130685)|HEAP_ALLOCATE|[50]|Bytes:5
11:56:10.0 (1153645)|HEAP_ALLOCATE|[56]|Bytes:5
11:56:10.0 (1160489)|HEAP_ALLOCATE|[64]|Bytes:7
11:56:10.0 (1201648)|STATEMENT_EXECUTE|[11]
11:56:10.0 (1203744)|STATEMENT_EXECUTE|[13]
11:56:10.0 (1244738)|HEAP_ALLOCATE|[13]|Bytes:4
11:56:10.0 (1256046)|HEAP_ALLOCATE|[13]|Bytes:4
11:56:10.0 (1290471)|HEAP_ALLOCATE|[13]|Bytes:4
11:56:10.0 (4680213)|HEAP_ALLOCATE|[13]|Bytes:7
11:56:10.0 (4696526)|METHOD_ENTRY|[1]|01p0Y00000AP1RO|VerifyDate.VerifyDate()
11:56:10.0 (4699633)|STATEMENT_EXECUTE|[1]
11:56:10.0 (4704611)|STATEMENT_EXECUTE|[1]
11:56:10.0 (4709647)|METHOD_EXIT|[1]|VerifyDate
11:56:10.0 (4743188)|METHOD_ENTRY|[13]|01p0Y00000AP1RO|VerifyDate.CheckDates(Date, Date)
11:56:10.0 (4754807)|VARIABLE_SCOPE_BEGIN|[4]|date1|Date|false|false
11:56:10.0 (4790670)|VARIABLE_ASSIGNMENT|[4]|date1|"2017-03-13T00:00:00.000Z"
11:56:10.0 (4796222)|VARIABLE_SCOPE_BEGIN|[4]|date2|Date|false|false
11:56:10.0 (4800615)|VARIABLE_ASSIGNMENT|[4]|date2|"2017-03-12T00:00:00.000Z"
11:56:10.0 (4810808)|STATEMENT_EXECUTE|[4]
11:56:10.0 (4828926)|METHOD_ENTRY|[6]|01p0Y00000AP1RO|VerifyDate.DateWithin30Days(Date, Date)
11:56:10.0 (4862432)|VARIABLE_SCOPE_BEGIN|[14]|date1|Date|false|false
11:56:10.0 (4869582)|VARIABLE_ASSIGNMENT|[14]|date1|"2017-03-13T00:00:00.000Z"
11:56:10.0 (4873320)|VARIABLE_SCOPE_BEGIN|[14]|date2|Date|false|false
11:56:10.0 (4876591)|VARIABLE_ASSIGNMENT|[14]|date2|"2017-03-12T00:00:00.000Z"
11:56:10.0 (4882511)|STATEMENT_EXECUTE|[14]
11:56:10.0 (4921500)|STATEMENT_EXECUTE|[16]
11:56:10.0 (4923210)|STATEMENT_EXECUTE|[16]
11:56:10.0 (4928737)|METHOD_EXIT|[6]|01p0Y00000AP1RO|VerifyDate.DateWithin30Days(Date, Date)
11:56:10.0 (4933409)|STATEMENT_EXECUTE|[8]
11:56:10.0 (4934531)|STATEMENT_EXECUTE|[9]
11:56:10.0 (4943008)|METHOD_ENTRY|[9]|01p0Y00000AP1RO|VerifyDate.SetEndOfMonthDate(Date)
11:56:10.0 (4955207)|VARIABLE_SCOPE_BEGIN|[25]|date1|Date|false|false
11:56:10.0 (4961197)|VARIABLE_ASSIGNMENT|[25]|date1|"2017-03-13T00:00:00.000Z"
11:56:10.0 (4966622)|STATEMENT_EXECUTE|[25]
11:56:10.0 (4967835)|STATEMENT_EXECUTE|[26]
11:56:10.0 (5029621)|VARIABLE_SCOPE_BEGIN|[26]|totalDays|Integer|false|false
11:56:10.0 (5036250)|HEAP_ALLOCATE|[26]|Bytes:4
11:56:10.0 (5075693)|VARIABLE_ASSIGNMENT|[26]|totalDays|31
11:56:10.0 (5080038)|STATEMENT_EXECUTE|[27]
11:56:10.0 (5144290)|HEAP_ALLOCATE|[27]|Bytes:4
11:56:10.0 (5157254)|VARIABLE_SCOPE_BEGIN|[27]|lastDay|Date|false|false
11:56:10.0 (5169016)|VARIABLE_ASSIGNMENT|[27]|lastDay|"2017-03-31T00:00:00.000Z"
11:56:10.0 (5171277)|STATEMENT_EXECUTE|[28]
11:56:10.0 (5176058)|METHOD_EXIT|[9]|01p0Y00000AP1RO|VerifyDate.SetEndOfMonthDate(Date)
11:56:10.0 (5180191)|METHOD_EXIT|[13]|01p0Y00000AP1RO|VerifyDate.CheckDates(Date, Date)
11:56:10.0 (5184459)|VARIABLE_SCOPE_BEGIN|[13]|d|Date|false|false
11:56:10.0 (5191192)|VARIABLE_ASSIGNMENT|[13]|d|"2017-03-31T00:00:00.000Z"
11:56:10.0 (5192965)|STATEMENT_EXECUTE|[14]
11:56:10.0 (5215090)|HEAP_ALLOCATE|[14]|Bytes:4
11:56:10.5 (5259304)|CUMULATIVE_LIMIT_USAGE
11:56:10.5 (5259304)|LIMIT_USAGE_FOR_NS|(default)|
  Number of SOQL queries: 0 out of 100
  Number of query rows: 0 out of 50000
  Number of SOSL queries: 0 out of 20
  Number of DML statements: 0 out of 150
  Number of DML rows: 0 out of 10000
  Maximum CPU time: 0 out of 10000
  Maximum heap size: 0 out of 6000000
  Number of callouts: 0 out of 100
  Number of Email Invocations: 0 out of 10
  Number of future calls: 0 out of 50
  Number of queueable jobs added to the queue: 0 out of 50
  Number of Mobile Apex push calls: 0 out of 10

11:56:10.5 (5259304)|CUMULATIVE_LIMIT_USAGE_END

11:56:10.0 (5291122)|CODE_UNIT_FINISHED|TestVerifyDate.testDateEarlierThanToday
11:56:10.0 (6037490)|EXECUTION_FINISHED
11:56:10.143 (143814021)|USER_INFO|[EXTERNAL]|0050Y000000Q3Ze|vinothbabu12@gmail.com|Central European Time|GMT+01:00
11:56:10.143 (143830236)|EXECUTION_STARTED
11:56:10.143 (143834104)|CODE_UNIT_STARTED|[EXTERNAL]|01p0Y00000AP1kX|TestVerifyDate.testDateGreaterthan30Days
11:56:10.143 (143986034)|HEAP_ALLOCATE|[72]|Bytes:3
11:56:10.143 (144033430)|HEAP_ALLOCATE|[77]|Bytes:152
11:56:10.143 (144053130)|HEAP_ALLOCATE|[342]|Bytes:408
11:56:10.143 (144073085)|HEAP_ALLOCATE|[355]|Bytes:408
11:56:10.143 (144090524)|HEAP_ALLOCATE|[467]|Bytes:48
11:56:10.143 (144120348)|HEAP_ALLOCATE|[139]|Bytes:6
11:56:10.143 (144134152)|HEAP_ALLOCATE|[EXTERNAL]|Bytes:17
11:56:10.143 (144142062)|METHOD_ENTRY|[2]|01p0Y00000AP1kX|TestVerifyDate.TestVerifyDate()
11:56:10.143 (144145725)|STATEMENT_EXECUTE|[2]
11:56:10.143 (144151011)|STATEMENT_EXECUTE|[2]
11:56:10.143 (144155518)|METHOD_EXIT|[2]|TestVerifyDate
11:56:10.143 (144178125)|HEAP_ALLOCATE|[50]|Bytes:5
11:56:10.143 (144200615)|HEAP_ALLOCATE|[56]|Bytes:5
11:56:10.143 (144206417)|HEAP_ALLOCATE|[64]|Bytes:7
11:56:10.143 (144247302)|STATEMENT_EXECUTE|[17]
11:56:10.143 (144249321)|STATEMENT_EXECUTE|[19]
11:56:10.143 (144292789)|HEAP_ALLOCATE|[19]|Bytes:4
11:56:10.143 (144304701)|HEAP_ALLOCATE|[19]|Bytes:4
11:56:10.143 (144336669)|HEAP_ALLOCATE|[19]|Bytes:4
11:56:10.143 (144348085)|HEAP_ALLOCATE|[19]|Bytes:7
11:56:10.143 (144353079)|METHOD_ENTRY|[1]|01p0Y00000AP1RO|VerifyDate.VerifyDate()
11:56:10.143 (144355345)|STATEMENT_EXECUTE|[1]
11:56:10.143 (144358295)|STATEMENT_EXECUTE|[1]
11:56:10.143 (144361394)|METHOD_EXIT|[1]|VerifyDate
11:56:10.143 (144368716)|METHOD_ENTRY|[19]|01p0Y00000AP1RO|VerifyDate.CheckDates(Date, Date)
11:56:10.143 (144374568)|VARIABLE_SCOPE_BEGIN|[4]|date1|Date|false|false
11:56:10.143 (144408009)|VARIABLE_ASSIGNMENT|[4]|date1|"2017-03-13T00:00:00.000Z"
11:56:10.143 (144411844)|VARIABLE_SCOPE_BEGIN|[4]|date2|Date|false|false
11:56:10.143 (144416041)|VARIABLE_ASSIGNMENT|[4]|date2|"2017-04-15T00:00:00.000Z"
11:56:10.143 (144424512)|STATEMENT_EXECUTE|[4]
11:56:10.143 (144432778)|METHOD_ENTRY|[6]|01p0Y00000AP1RO|VerifyDate.DateWithin30Days(Date, Date)
11:56:10.143 (144436045)|VARIABLE_SCOPE_BEGIN|[14]|date1|Date|false|false
11:56:10.143 (144440950)|VARIABLE_ASSIGNMENT|[14]|date1|"2017-03-13T00:00:00.000Z"
11:56:10.143 (144442943)|VARIABLE_SCOPE_BEGIN|[14]|date2|Date|false|false
11:56:10.143 (144445977)|VARIABLE_ASSIGNMENT|[14]|date2|"2017-04-15T00:00:00.000Z"
11:56:10.143 (144450553)|STATEMENT_EXECUTE|[14]
11:56:10.143 (144467020)|STATEMENT_EXECUTE|[16]
11:56:10.143 (144468432)|STATEMENT_EXECUTE|[19]
11:56:10.143 (144506479)|HEAP_ALLOCATE|[19]|Bytes:4
11:56:10.143 (144526465)|VARIABLE_SCOPE_BEGIN|[19]|date30Days|Date|false|false
11:56:10.143 (144539644)|VARIABLE_ASSIGNMENT|[19]|date30Days|"2017-04-12T00:00:00.000Z"
11:56:10.143 (144563534)|STATEMENT_EXECUTE|[20]
11:56:10.143 (144565135)|STATEMENT_EXECUTE|[20]
11:56:10.143 (144570158)|METHOD_EXIT|[6]|01p0Y00000AP1RO|VerifyDate.DateWithin30Days(Date, Date)
11:56:10.143 (144573956)|STATEMENT_EXECUTE|[8]
11:56:10.143 (144575245)|STATEMENT_EXECUTE|[9]
11:56:10.143 (144581507)|METHOD_ENTRY|[9]|01p0Y00000AP1RO|VerifyDate.SetEndOfMonthDate(Date)
11:56:10.143 (144585418)|VARIABLE_SCOPE_BEGIN|[25]|date1|Date|false|false
11:56:10.143 (144590916)|VARIABLE_ASSIGNMENT|[25]|date1|"2017-03-13T00:00:00.000Z"
11:56:10.143 (144597461)|STATEMENT_EXECUTE|[25]
11:56:10.143 (144598727)|STATEMENT_EXECUTE|[26]
11:56:10.143 (144649646)|VARIABLE_SCOPE_BEGIN|[26]|totalDays|Integer|false|false
11:56:10.143 (144654358)|HEAP_ALLOCATE|[26]|Bytes:4
11:56:10.143 (144661129)|VARIABLE_ASSIGNMENT|[26]|totalDays|31
11:56:10.143 (144662896)|STATEMENT_EXECUTE|[27]
11:56:10.143 (144686589)|HEAP_ALLOCATE|[27]|Bytes:4
11:56:10.143 (144694953)|VARIABLE_SCOPE_BEGIN|[27]|lastDay|Date|false|false
11:56:10.143 (144704028)|VARIABLE_ASSIGNMENT|[27]|lastDay|"2017-03-31T00:00:00.000Z"
11:56:10.143 (144705800)|STATEMENT_EXECUTE|[28]
11:56:10.143 (144709752)|METHOD_EXIT|[9]|01p0Y00000AP1RO|VerifyDate.SetEndOfMonthDate(Date)
11:56:10.143 (144713820)|METHOD_EXIT|[19]|01p0Y00000AP1RO|VerifyDate.CheckDates(Date, Date)
11:56:10.143 (144717940)|VARIABLE_SCOPE_BEGIN|[19]|d|Date|false|false
11:56:10.143 (144726701)|VARIABLE_ASSIGNMENT|[19]|d|"2017-03-31T00:00:00.000Z"
11:56:10.143 (144729301)|STATEMENT_EXECUTE|[20]
11:56:10.143 (144749860)|HEAP_ALLOCATE|[20]|Bytes:4
11:56:10.144 (144788536)|CUMULATIVE_LIMIT_USAGE
11:56:10.144 (144788536)|LIMIT_USAGE_FOR_NS|(default)|
  Number of SOQL queries: 0 out of 100
  Number of query rows: 0 out of 50000
  Number of SOSL queries: 0 out of 20
  Number of DML statements: 0 out of 150
  Number of DML rows: 0 out of 10000
  Maximum CPU time: 0 out of 10000
  Maximum heap size: 0 out of 6000000
  Number of callouts: 0 out of 100
  Number of Email Invocations: 0 out of 10
  Number of future calls: 0 out of 50
  Number of queueable jobs added to the queue: 0 out of 50
  Number of Mobile Apex push calls: 0 out of 10

11:56:10.144 (144788536)|CUMULATIVE_LIMIT_USAGE_END

11:56:10.143 (144818926)|CODE_UNIT_FINISHED|TestVerifyDate.testDateGreaterthan30Days
11:56:10.143 (145540532)|EXECUTION_FINISHED
11:56:10.155 (155961109)|USER_INFO|[EXTERNAL]|0050Y000000Q3Ze|vinothbabu12@gmail.com|Central European Time|GMT+01:00
11:56:10.155 (155969907)|EXECUTION_STARTED
11:56:10.155 (155972821)|CODE_UNIT_STARTED|[EXTERNAL]|01p0Y00000AP1kX|TestVerifyDate.testDateWithin30Days
11:56:10.155 (156056451)|HEAP_ALLOCATE|[72]|Bytes:3
11:56:10.155 (156077326)|HEAP_ALLOCATE|[77]|Bytes:152
11:56:10.155 (156090498)|HEAP_ALLOCATE|[342]|Bytes:408
11:56:10.155 (156108541)|HEAP_ALLOCATE|[355]|Bytes:408
11:56:10.155 (156125391)|HEAP_ALLOCATE|[467]|Bytes:48
11:56:10.155 (156148254)|HEAP_ALLOCATE|[139]|Bytes:6
11:56:10.155 (156163788)|HEAP_ALLOCATE|[EXTERNAL]|Bytes:17
11:56:10.155 (156170198)|METHOD_ENTRY|[2]|01p0Y00000AP1kX|TestVerifyDate.TestVerifyDate()
11:56:10.155 (156172539)|STATEMENT_EXECUTE|[2]
11:56:10.155 (156175883)|STATEMENT_EXECUTE|[2]
11:56:10.155 (156179060)|METHOD_EXIT|[2]|TestVerifyDate
11:56:10.155 (156193680)|HEAP_ALLOCATE|[50]|Bytes:5
11:56:10.155 (156209808)|HEAP_ALLOCATE|[56]|Bytes:5
11:56:10.155 (156215829)|HEAP_ALLOCATE|[64]|Bytes:7
11:56:10.155 (156237040)|STATEMENT_EXECUTE|[4]
11:56:10.155 (156238822)|STATEMENT_EXECUTE|[6]
11:56:10.155 (156263280)|HEAP_ALLOCATE|[6]|Bytes:4
11:56:10.155 (156273931)|HEAP_ALLOCATE|[6]|Bytes:4
11:56:10.155 (156295922)|HEAP_ALLOCATE|[6]|Bytes:4
11:56:10.155 (156306040)|HEAP_ALLOCATE|[6]|Bytes:7
11:56:10.155 (156310233)|METHOD_ENTRY|[1]|01p0Y00000AP1RO|VerifyDate.VerifyDate()
11:56:10.155 (156312643)|STATEMENT_EXECUTE|[1]
11:56:10.155 (156315183)|STATEMENT_EXECUTE|[1]
11:56:10.155 (156318008)|METHOD_EXIT|[1]|VerifyDate
11:56:10.155 (156323514)|METHOD_ENTRY|[6]|01p0Y00000AP1RO|VerifyDate.CheckDates(Date, Date)
11:56:10.155 (156327612)|VARIABLE_SCOPE_BEGIN|[4]|date1|Date|false|false
11:56:10.155 (156343739)|VARIABLE_ASSIGNMENT|[4]|date1|"2017-03-13T00:00:00.000Z"
11:56:10.155 (156346366)|VARIABLE_SCOPE_BEGIN|[4]|date2|Date|false|false
11:56:10.155 (156350360)|VARIABLE_ASSIGNMENT|[4]|date2|"2017-03-14T00:00:00.000Z"
11:56:10.155 (156357074)|STATEMENT_EXECUTE|[4]
11:56:10.155 (156363248)|METHOD_ENTRY|[6]|01p0Y00000AP1RO|VerifyDate.DateWithin30Days(Date, Date)
11:56:10.155 (156366501)|VARIABLE_SCOPE_BEGIN|[14]|date1|Date|false|false
11:56:10.155 (156371238)|VARIABLE_ASSIGNMENT|[14]|date1|"2017-03-13T00:00:00.000Z"
11:56:10.155 (156372807)|VARIABLE_SCOPE_BEGIN|[14]|date2|Date|false|false
11:56:10.155 (156376015)|VARIABLE_ASSIGNMENT|[14]|date2|"2017-03-14T00:00:00.000Z"
11:56:10.155 (156380077)|STATEMENT_EXECUTE|[14]
11:56:10.155 (156393211)|STATEMENT_EXECUTE|[16]
11:56:10.155 (156394650)|STATEMENT_EXECUTE|[19]
11:56:10.155 (156402260)|HEAP_ALLOCATE|[19]|Bytes:4
11:56:10.155 (156414104)|VARIABLE_SCOPE_BEGIN|[19]|date30Days|Date|false|false
11:56:10.155 (156423833)|VARIABLE_ASSIGNMENT|[19]|date30Days|"2017-04-12T00:00:00.000Z"
11:56:10.155 (156433460)|STATEMENT_EXECUTE|[21]
11:56:10.155 (156434870)|STATEMENT_EXECUTE|[21]
11:56:10.155 (156438932)|METHOD_EXIT|[6]|01p0Y00000AP1RO|VerifyDate.DateWithin30Days(Date, Date)
11:56:10.155 (156442013)|STATEMENT_EXECUTE|[6]
11:56:10.155 (156443162)|STATEMENT_EXECUTE|[7]
11:56:10.155 (156445898)|METHOD_EXIT|[6]|01p0Y00000AP1RO|VerifyDate.CheckDates(Date, Date)
11:56:10.155 (156450600)|VARIABLE_SCOPE_BEGIN|[6]|d|Date|false|false
11:56:10.155 (156457866)|VARIABLE_ASSIGNMENT|[6]|d|"2017-03-14T00:00:00.000Z"
11:56:10.155 (156459856)|STATEMENT_EXECUTE|[7]
11:56:10.155 (156462404)|HEAP_ALLOCATE|[7]|Bytes:17
11:56:10.155 (156502460)|HEAP_ALLOCATE|[7]|Bytes:19
11:56:10.155 (156517987)|HEAP_ALLOCATE|[7]|Bytes:36
11:56:10.155 (156532512)|USER_DEBUG|[7]|DEBUG|Date returned :: 2017-03-14 00:00:00
11:56:10.155 (156537761)|STATEMENT_EXECUTE|[8]
11:56:10.155 (156551820)|HEAP_ALLOCATE|[8]|Bytes:4
11:56:10.156 (156581682)|CUMULATIVE_LIMIT_USAGE
11:56:10.156 (156581682)|LIMIT_USAGE_FOR_NS|(default)|
  Number of SOQL queries: 0 out of 100
  Number of query rows: 0 out of 50000
  Number of SOSL queries: 0 out of 20
  Number of DML statements: 0 out of 150
  Number of DML rows: 0 out of 10000
  Maximum CPU time: 0 out of 10000
  Maximum heap size: 0 out of 6000000
  Number of callouts: 0 out of 100
  Number of Email Invocations: 0 out of 10
  Number of future calls: 0 out of 50
  Number of queueable jobs added to the queue: 0 out of 50
  Number of Mobile Apex push calls: 0 out of 10

11:56:10.156 (156581682)|CUMULATIVE_LIMIT_USAGE_END

11:56:10.155 (156607511)|CODE_UNIT_FINISHED|TestVerifyDate.testDateWithin30Days
11:56:10.155 (157304209)|EXECUTION_FINISHED
