36.0 APEX_CODE,DEBUG;APEX_PROFILING,INFO;CALLOUT,INFO;DB,INFO;SYSTEM,DEBUG;VALIDATION,INFO;VISUALFORCE,DEBUG;WAVE,INFO;WORKFLOW,INFO
16:08:01.1 (1818328)|USER_INFO|[EXTERNAL]|0050Y000000Q3Ze|vinothbabu12@gmail.com|Central European Time|GMT+01:00
16:08:01.1 (1928710)|EXECUTION_STARTED
16:08:01.1 (1936532)|CODE_UNIT_STARTED|[EXTERNAL]|01q0Y000000eji6|AddRelatedRecord on Account trigger event AfterInsert for [0010Y00000Hhncu]
16:08:01.1 (4530677)|SOQL_EXECUTE_BEGIN|[6]|Aggregations:1|SELECT Id, (SELECT Id FROM Opportunities) FROM Account WHERE Id IN :tmpVar1
16:08:01.1 (11165791)|SOQL_EXECUTE_END|[6]|Rows:1
16:08:01.1 (11708610)|USER_DEBUG|[11]|DEBUG|acctsWithOpps.get(a.Id).Opportunities.size()=0
16:08:01.1 (12135623)|DML_BEGIN|[23]|Op:Insert|Type:Opportunity|Rows:1
16:08:01.1 (84140934)|DML_END|[23]
16:08:01.84 (84253497)|CUMULATIVE_LIMIT_USAGE
16:08:01.84 (84253497)|LIMIT_USAGE_FOR_NS|(default)|
  Number of SOQL queries: 1 out of 100
  Number of query rows: 1 out of 50000
  Number of SOSL queries: 0 out of 20
  Number of DML statements: 1 out of 150
  Number of DML rows: 1 out of 10000
  Maximum CPU time: 0 out of 10000
  Maximum heap size: 0 out of 6000000
  Number of callouts: 0 out of 100
  Number of Email Invocations: 0 out of 10
  Number of future calls: 0 out of 50
  Number of queueable jobs added to the queue: 0 out of 50
  Number of Mobile Apex push calls: 0 out of 10

16:08:01.84 (84253497)|CUMULATIVE_LIMIT_USAGE_END

16:08:01.1 (85135013)|CODE_UNIT_FINISHED|AddRelatedRecord on Account trigger event AfterInsert for [0010Y00000Hhncu]
16:08:01.1 (86061903)|EXECUTION_FINISHED
16:08:01.87 (87560015)|USER_INFO|[EXTERNAL]|0050Y000000Q3Ze|vinothbabu12@gmail.com|Central European Time|GMT+01:00
16:08:01.87 (87571674)|EXECUTION_STARTED
16:08:01.87 (87575949)|CODE_UNIT_STARTED|[EXTERNAL]|Workflow:Account
16:08:01.87 (99631684)|WF_RULE_EVAL_BEGIN|Workflow
16:08:01.87 (99666281)|WF_CRITERIA_BEGIN|[Account: trigger test 0010Y00000Hhncu]|Update_contact_address3010Y000000D4Pm|01Q0Y000000M2mf|ON_ALL_CHANGES|0
16:08:01.87 (99908977)|WF_FORMULA|Formula:ENCODED:[treatNullAsNull]true|Values:
16:08:01.87 (99914004)|WF_CRITERIA_END|true
16:08:01.87 (109841766)|WF_SPOOL_ACTION_BEGIN|Workflow
16:08:01.87 (109878616)|WF_ACTION| Flow Trigger: 1;
16:08:01.87 (109883492)|WF_RULE_EVAL_END
16:08:01.87 (113607318)|WF_FLOW_ACTION_BEGIN|09L0Y000000D0uY
16:08:01.113 (113702391)|FLOW_CREATE_INTERVIEW_BEGIN|00D0Y0000008kGf|3000Y000000H66O|3010Y000000D4Pm
16:08:01.113 (334938622)|FLOW_CREATE_INTERVIEW_END|5155907c502ce84a7a9f46cc18fa15aae4ee100-7894|Update contact address
16:08:01.335 (335399972)|FLOW_START_INTERVIEWS_BEGIN|1
16:08:01.335 (428684461)|FLOW_START_INTERVIEW_BEGIN|5155907c502ce84a7a9f46cc18fa15aae4ee100-7894|Update contact address
16:08:01.335 (429443716)|FLOW_START_INTERVIEW_END|5155907c502ce84a7a9f46cc18fa15aae4ee100-7894|Update contact address
16:08:01.335 (429459195)|FLOW_START_INTERVIEWS_END|1
16:08:01.87 (430223348)|WF_FLOW_ACTION_END|09L0Y000000D0uY
16:08:01.87 (430313317)|WF_ACTIONS_END| Flow Trigger: 1;
16:08:01.87 (430321360)|CODE_UNIT_FINISHED|Workflow:Account
16:08:01.87 (431328645)|EXECUTION_FINISHED
