36.0 APEX_CODE,DEBUG;APEX_PROFILING,INFO;CALLOUT,INFO;DB,INFO;SYSTEM,DEBUG;VALIDATION,INFO;VISUALFORCE,DEBUG;WAVE,INFO;WORKFLOW,INFO
16:23:05.0 (304043)|USER_INFO|[EXTERNAL]|0050Y000000Q3Ze|vinothbabu12@gmail.com|Central European Time|GMT+01:00
16:23:05.0 (329324)|EXECUTION_STARTED
16:23:05.0 (333792)|CODE_UNIT_STARTED|[EXTERNAL]|0660Y000002fnRu|VF: /apex/DisplayImage
16:23:05.3 (3571708)|CUMULATIVE_LIMIT_USAGE
16:23:05.3 (3571708)|LIMIT_USAGE_FOR_NS|(default)|
  Number of SOQL queries: 0 out of 100
  Number of query rows: 0 out of 50000
  Number of SOSL queries: 0 out of 20
  Number of DML statements: 0 out of 150
  Number of DML rows: 0 out of 10000
  Maximum CPU time: 0 out of 10000
  Maximum heap size: 0 out of 6000000
  Number of callouts: 0 out of 100
  Number of Email Invocations: 0 out of 10
  Number of future calls: 0 out of 50
  Number of queueable jobs added to the queue: 0 out of 50
  Number of Mobile Apex push calls: 0 out of 10

16:23:05.3 (3571708)|CUMULATIVE_LIMIT_USAGE_END

16:23:05.0 (3606509)|CODE_UNIT_FINISHED|VF: /apex/DisplayImage
16:23:05.0 (4368277)|EXECUTION_FINISHED
